# JRE version: Java(TM) SE Runtime Environment (8.0_181-b13) (build 1.8.0_181-b13)
# Java VM: Java HotSpot(TM) 64-Bit Server VM (25.181-b13 mixed mode linux-amd64 compressed oops)
Heap:
 PSYoungGen      total 239104K, used 15857K [0x00000000eab00000, 0x00000000fa400000, 0x0000000100000000)
  eden space 223232K, 0% used [0x00000000eab00000,0x00000000eab00000,0x00000000f8500000)
  from space 15872K, 99% used [0x00000000f8500000,0x00000000f947c6d0,0x00000000f9480000)
  to   space 10752K, 0% used [0x00000000f9980000,0x00000000f9980000,0x00000000fa400000)
 ParOldGen       total 92160K, used 73677K [0x00000000c0000000, 0x00000000c5a00000, 0x00000000eab00000)
  object space 92160K, 79% used [0x00000000c0000000,0x00000000c47f3630,0x00000000c5a00000)
 Metaspace       used 63344K, capacity 65270K, committed 65408K, reserved 1105920K
  class space    used 8627K, capacity 9070K, committed 9088K, reserved 1048576K
GC Heap History (10 events):
Event: 11.645 GC heap after
Heap after GC invocations=13 (full 2):
 PSYoungGen      total 133120K, used 10735K [0x00000000eab00000, 0x00000000f6b80000, 0x0000000100000000)
  eden space 122368K, 0% used [0x00000000eab00000,0x00000000eab00000,0x00000000f2280000)
  from space 10752K, 99% used [0x00000000f2280000,0x00000000f2cfbf88,0x00000000f2d00000)
  to   space 13312K, 0% used [0x00000000f5e80000,0x00000000f5e80000,0x00000000f6b80000)
 ParOldGen       total 47616K, used 16476K [0x00000000c0000000, 0x00000000c2e80000, 0x00000000eab00000)
  object space 47616K, 34% used [0x00000000c0000000,0x00000000c1017290,0x00000000c2e80000)
 Metaspace       used 40618K, capacity 41500K, committed 41600K, reserved 1085440K
  class space    used 5683K, capacity 5972K, committed 6016K, reserved 1048576K
}
Event: 14.576 GC heap before
{Heap before GC invocations=14 (full 2):
 PSYoungGen      total 133120K, used 133103K [0x00000000eab00000, 0x00000000f6b80000, 0x0000000100000000)
  eden space 122368K, 100% used [0x00000000eab00000,0x00000000f2280000,0x00000000f2280000)
  from space 10752K, 99% used [0x00000000f2280000,0x00000000f2cfbf88,0x00000000f2d00000)
  to   space 13312K, 0% used [0x00000000f5e80000,0x00000000f5e80000,0x00000000f6b80000)
 ParOldGen       total 47616K, used 16476K [0x00000000c0000000, 0x00000000c2e80000, 0x00000000eab00000)
  object space 47616K, 34% used [0x00000000c0000000,0x00000000c1017290,0x00000000c2e80000)
 Metaspace       used 51849K, capacity 53514K, committed 53888K, reserved 1095680K
  class space    used 7301K, capacity 7683K, committed 7808K, reserved 1048576K
Event: 14.624 GC heap after
Heap after GC invocations=14 (full 2):
 PSYoungGen      total 181760K, used 12578K [0x00000000eab00000, 0x00000000f6c80000, 0x0000000100000000)
  eden space 168448K, 0% used [0x00000000eab00000,0x00000000eab00000,0x00000000f4f80000)
  from space 13312K, 94% used [0x00000000f5e80000,0x00000000f6ac8ad0,0x00000000f6b80000)
  to   space 14848K, 0% used [0x00000000f4f80000,0x00000000f4f80000,0x00000000f5e00000)
 ParOldGen       total 47616K, used 25432K [0x00000000c0000000, 0x00000000c2e80000, 0x00000000eab00000)
  object space 47616K, 53% used [0x00000000c0000000,0x00000000c18d6188,0x00000000c2e80000)
 Metaspace       used 51849K, capacity 53514K, committed 53888K, reserved 1095680K
  class space    used 7301K, capacity 7683K, committed 7808K, reserved 1048576K
}
Event: 17.833 GC heap before
{Heap before GC invocations=15 (full 2):
 PSYoungGen      total 181760K, used 181026K [0x00000000eab00000, 0x00000000f6c80000, 0x0000000100000000)
  eden space 168448K, 100% used [0x00000000eab00000,0x00000000f4f80000,0x00000000f4f80000)
  from space 13312K, 94% used [0x00000000f5e80000,0x00000000f6ac8ad0,0x00000000f6b80000)
  to   space 14848K, 0% used [0x00000000f4f80000,0x00000000f4f80000,0x00000000f5e00000)
 ParOldGen       total 47616K, used 25432K [0x00000000c0000000, 0x00000000c2e80000, 0x00000000eab00000)
  object space 47616K, 53% used [0x00000000c0000000,0x00000000c18d6188,0x00000000c2e80000)
 Metaspace       used 56805K, capacity 58630K, committed 58880K, reserved 1099776K
  class space    used 7918K, capacity 8340K, committed 8448K, reserved 1048576K
Event: 17.869 GC heap after
Heap after GC invocations=15 (full 2):
 PSYoungGen      total 183296K, used 13498K [0x00000000eab00000, 0x00000000fa980000, 0x0000000100000000)
  eden space 168448K, 0% used [0x00000000eab00000,0x00000000eab00000,0x00000000f4f80000)
  from space 14848K, 90% used [0x00000000f4f80000,0x00000000f5caead8,0x00000000f5e00000)
  to   space 16384K, 0% used [0x00000000f9980000,0x00000000f9980000,0x00000000fa980000)
 ParOldGen       total 47616K, used 31519K [0x00000000c0000000, 0x00000000c2e80000, 0x00000000eab00000)
  object space 47616K, 66% used [0x00000000c0000000,0x00000000c1ec7ca8,0x00000000c2e80000)
 Metaspace       used 56805K, capacity 58630K, committed 58880K, reserved 1099776K
  class space    used 7918K, capacity 8340K, committed 8448K, reserved 1048576K
}
Event: 19.504 GC heap before
{Heap before GC invocations=16 (full 2):
 PSYoungGen      total 183296K, used 43940K [0x00000000eab00000, 0x00000000fa980000, 0x0000000100000000)
  eden space 168448K, 18% used [0x00000000eab00000,0x00000000ec8ba6b8,0x00000000f4f80000)
  from space 14848K, 90% used [0x00000000f4f80000,0x00000000f5caead8,0x00000000f5e00000)
  to   space 16384K, 0% used [0x00000000f9980000,0x00000000f9980000,0x00000000fa980000)
 ParOldGen       total 47616K, used 31519K [0x00000000c0000000, 0x00000000c2e80000, 0x00000000eab00000)
  object space 47616K, 66% used [0x00000000c0000000,0x00000000c1ec7ca8,0x00000000c2e80000)
 Metaspace       used 57171K, capacity 59016K, committed 59136K, reserved 1099776K
  class space    used 7961K, capacity 8391K, committed 8448K, reserved 1048576K
Event: 19.518 GC heap after
Heap after GC invocations=16 (full 2):
 PSYoungGen      total 233984K, used 5185K [0x00000000eab00000, 0x00000000fa400000, 0x0000000100000000)
  eden space 223232K, 0% used [0x00000000eab00000,0x00000000eab00000,0x00000000f8500000)
  from space 10752K, 48% used [0x00000000f9980000,0x00000000f9e907d8,0x00000000fa400000)
  to   space 15872K, 0% used [0x00000000f8500000,0x00000000f8500000,0x00000000f9480000)
 ParOldGen       total 47616K, used 41800K [0x00000000c0000000, 0x00000000c2e80000, 0x00000000eab00000)
  object space 47616K, 87% used [0x00000000c0000000,0x00000000c28d2328,0x00000000c2e80000)
 Metaspace       used 57171K, capacity 59016K, committed 59136K, reserved 1099776K
  class space    used 7961K, capacity 8391K, committed 8448K, reserved 1048576K
}
Event: 19.518 GC heap before
{Heap before GC invocations=17 (full 3):
 PSYoungGen      total 233984K, used 5185K [0x00000000eab00000, 0x00000000fa400000, 0x0000000100000000)
  eden space 223232K, 0% used [0x00000000eab00000,0x00000000eab00000,0x00000000f8500000)
  from space 10752K, 48% used [0x00000000f9980000,0x00000000f9e907d8,0x00000000fa400000)
  to   space 15872K, 0% used [0x00000000f8500000,0x00000000f8500000,0x00000000f9480000)
 ParOldGen       total 47616K, used 41800K [0x00000000c0000000, 0x00000000c2e80000, 0x00000000eab00000)
  object space 47616K, 87% used [0x00000000c0000000,0x00000000c28d2328,0x00000000c2e80000)
 Metaspace       used 57171K, capacity 59016K, committed 59136K, reserved 1099776K
  class space    used 7961K, capacity 8391K, committed 8448K, reserved 1048576K
Event: 19.749 GC heap after
Heap after GC invocations=17 (full 3):
 PSYoungGen      total 233984K, used 0K [0x00000000eab00000, 0x00000000fa400000, 0x0000000100000000)
  eden space 223232K, 0% used [0x00000000eab00000,0x00000000eab00000,0x00000000f8500000)
  from space 10752K, 0% used [0x00000000f9980000,0x00000000f9980000,0x00000000fa400000)
  to   space 15872K, 0% used [0x00000000f8500000,0x00000000f8500000,0x00000000f9480000)
 ParOldGen       total 92160K, used 43263K [0x00000000c0000000, 0x00000000c5a00000, 0x00000000eab00000)
  object space 92160K, 46% used [0x00000000c0000000,0x00000000c2a3fe48,0x00000000c5a00000)
 Metaspace       used 57164K, capacity 58992K, committed 59136K, reserved 1099776K
  class space    used 7959K, capacity 8387K, committed 8448K, reserved 1048576K
}
Event: 23.437 GC heap before
{Heap before GC invocations=18 (full 3):
 PSYoungGen      total 233984K, used 223232K [0x00000000eab00000, 0x00000000fa400000, 0x0000000100000000)
  eden space 223232K, 100% used [0x00000000eab00000,0x00000000f8500000,0x00000000f8500000)
  from space 10752K, 0% used [0x00000000f9980000,0x00000000f9980000,0x00000000fa400000)
  to   space 15872K, 0% used [0x00000000f8500000,0x00000000f8500000,0x00000000f9480000)
 ParOldGen       total 92160K, used 43263K [0x00000000c0000000, 0x00000000c5a00000, 0x00000000eab00000)
  object space 92160K, 46% used [0x00000000c0000000,0x00000000c2a3fe48,0x00000000c5a00000)
 Metaspace       used 63344K, capacity 65270K, committed 65408K, reserved 1105920K
  class space    used 8627K, capacity 9070K, committed 9088K, reserved 1048576K

